Using pre-set license
Built from '2021.3/staging' branch; Version is '2021.3.21f1 (1b156197d683) revision 1774945'; Using compiler version '192829333'; Build Type 'Release'
OS: 'Windows 10  (10.0.19045) 64bit CoreSingleLanguage' Language: 'ru' Physical Memory: 16228 MB
BatchMode: 1, IsHumanControllingUs: 0, StartBugReporterOnCrash: 0, Is64bit: 1, IsPro: 1

COMMAND LINE ARGUMENTS:
C:\Program Files\Unity\Hub\Editor\2021.3.21f1\Editor\Unity.exe
-adb2
-batchMode
-noUpm
-name
AssetImportWorker0
-projectPath
C:/Unity/horor 3d
-logFile
Logs/AssetImportWorker0.log
-srvPort
63936
Successfully changed project path to: C:/Unity/horor 3d
C:/Unity/horor 3d
[UnityMemory] Configuration Parameters - Can be set up in boot.config
    "memorysetup-bucket-allocator-granularity=16"
    "memorysetup-bucket-allocator-bucket-count=8"
    "memorysetup-bucket-allocator-block-size=33554432"
    "memorysetup-bucket-allocator-block-count=8"
    "memorysetup-main-allocator-block-size=16777216"
    "memorysetup-thread-allocator-block-size=16777216"
    "memorysetup-gfx-main-allocator-block-size=16777216"
    "memorysetup-gfx-thread-allocator-block-size=16777216"
    "memorysetup-cache-allocator-block-size=4194304"
    "memorysetup-typetree-allocator-block-size=2097152"
    "memorysetup-profiler-bucket-allocator-granularity=16"
    "memorysetup-profiler-bucket-allocator-bucket-count=8"
    "memorysetup-profiler-bucket-allocator-block-size=33554432"
    "memorysetup-profiler-bucket-allocator-block-count=8"
    "memorysetup-profiler-allocator-block-size=16777216"
    "memorysetup-profiler-editor-allocator-block-size=1048576"
    "memorysetup-temp-allocator-size-main=16777216"
    "memorysetup-job-temp-allocator-block-size=2097152"
    "memorysetup-job-temp-allocator-block-size-background=1048576"
    "memorysetup-job-temp-allocator-reduction-small-platforms=262144"
    "memorysetup-temp-allocator-size-background-worker=32768"
    "memorysetup-temp-allocator-size-job-worker=262144"
    "memorysetup-temp-allocator-size-preload-manager=33554432"
    "memorysetup-temp-allocator-size-nav-mesh-worker=65536"
    "memorysetup-temp-allocator-size-audio-worker=65536"
    "memorysetup-temp-allocator-size-cloud-worker=32768"
    "memorysetup-temp-allocator-size-gi-baking-worker=262144"
    "memorysetup-temp-allocator-size-gfx=262144"
Player connection [9592] Host "[IP] 26.32.73.58 [Port] 0 [Flags] 2 [Guid] 1898966982 [EditorId] 1898966982 [Version] 1048832 [Id] WindowsEditor(7,DESKTOP-5B3QDP7) [Debug] 1 [PackageName] WindowsEditor [ProjectName] Editor" joined multi-casting on [225.0.0.222:54997]...

Player connection [9592] Host "[IP] 26.32.73.58 [Port] 0 [Flags] 2 [Guid] 1898966982 [EditorId] 1898966982 [Version] 1048832 [Id] WindowsEditor(7,DESKTOP-5B3QDP7) [Debug] 1 [PackageName] WindowsEditor [ProjectName] Editor" joined alternative multi-casting on [225.0.0.222:34997]...

Refreshing native plugins compatible for Editor in 137.18 ms, found 3 plugins.
Preloading 0 native plugins for Editor in 0.00 ms.
Initialize engine version: 2021.3.21f1 (1b156197d683)
[Subsystems] Discovering subsystems at path C:/Program Files/Unity/Hub/Editor/2021.3.21f1/Editor/Data/Resources/UnitySubsystems
[Subsystems] Discovering subsystems at path C:/Unity/horor 3d/Assets
GfxDevice: creating device client; threaded=0; jobified=0
Direct3D:
    Version:  Direct3D 11.0 [level 11.1]
    Renderer: NVIDIA GeForce GTX 1050 Ti (ID=0x1c8f)
    Vendor:   NVIDIA
    VRAM:     4021 MB
    Driver:   26.21.14.3630
Initialize mono
Mono path[0] = 'C:/Program Files/Unity/Hub/Editor/2021.3.21f1/Editor/Data/Managed'
Mono path[1] = 'C:/Program Files/Unity/Hub/Editor/2021.3.21f1/Editor/Data/MonoBleedingEdge/lib/mono/unityjit-win32'
Mono config path = 'C:/Program Files/Unity/Hub/Editor/2021.3.21f1/Editor/Data/MonoBleedingEdge/etc'
Using monoOptions --debugger-agent=transport=dt_socket,embedding=1,server=y,suspend=n,address=127.0.0.1:56212
Begin MonoManager ReloadAssembly
Registering precompiled unity dll's ...
Register platform support module: C:/Program Files/Unity/Hub/Editor/2021.3.21f1/Editor/Data/PlaybackEngines/AndroidPlayer/UnityEditor.Android.Extensions.dll
Register platform support module: C:/Program Files/Unity/Hub/Editor/2021.3.21f1/Editor/Data/PlaybackEngines/WindowsStandaloneSupport/UnityEditor.WindowsStandalone.Extensions.dll
Registered in 0.016741 seconds.
Native extension for WindowsStandalone target not found
Native extension for Android target not found
Android Extension - Scanning For ADB Devices 444 ms
Refreshing native plugins compatible for Editor in 154.15 ms, found 3 plugins.
Preloading 0 native plugins for Editor in 0.00 ms.
Mono: successfully reloaded assembly
- Completed reload, in  1.685 seconds
Domain Reload Profiling:
	ReloadAssembly (1686ms)
		BeginReloadAssembly (147ms)
			ExecutionOrderSort (0ms)
			DisableScriptedObjects (0ms)
			BackupInstance (0ms)
			ReleaseScriptingObjects (0ms)
			CreateAndSetChildDomain (1ms)
		EndReloadAssembly (1346ms)
			LoadAssemblies (145ms)
			RebuildTransferFunctionScriptingTraits (0ms)
			SetupTypeCache (217ms)
			ReleaseScriptCaches (0ms)
			RebuildScriptCaches (53ms)
			SetupLoadedEditorAssemblies (983ms)
				LogAssemblyErrors (0ms)
				InitializePlatformSupportModulesInManaged (568ms)
				SetLoadedEditorAssemblies (0ms)
				RefreshPlugins (154ms)
				BeforeProcessingInitializeOnLoad (3ms)
				ProcessInitializeOnLoadAttributes (180ms)
				ProcessInitializeOnLoadMethodAttributes (78ms)
				AfterProcessingInitializeOnLoad (0ms)
				EditorAssembliesLoaded (0ms)
			ExecutionOrderSort2 (0ms)
			AwakeInstancesAfterBackupRestoration (0ms)
Platform modules already initialized, skipping
Registering precompiled user dll's ...
Registered in 0.010982 seconds.
Begin MonoManager ReloadAssembly
Symbol file LoadedFromMemory doesn't match image C:\Unity\horor 3d\Library\PackageCache\com.unity.visualscripting@1.8.0\Editor\VisualScripting.Core\Dependencies\YamlDotNet\Unity.VisualScripting.YamlDotNet.dll
Symbol file LoadedFromMemory doesn't match image C:\Unity\horor 3d\Library\PackageCache\com.unity.visualscripting@1.8.0\Editor\VisualScripting.Core\Dependencies\DotNetZip\Unity.VisualScripting.IonicZip.dll
Native extension for WindowsStandalone target not found
Native extension for Android target not found
Refreshing native plugins compatible for Editor in 1.04 ms, found 3 plugins.
Preloading 0 native plugins for Editor in 0.00 ms.
Mono: successfully reloaded assembly
Package Manager log level set to [2]
- Completed reload, in  1.668 seconds
Domain Reload Profiling:
	ReloadAssembly (1669ms)
		BeginReloadAssembly (220ms)
			ExecutionOrderSort (0ms)
			DisableScriptedObjects (12ms)
			BackupInstance (0ms)
			ReleaseScriptingObjects (0ms)
			CreateAndSetChildDomain (33ms)
		EndReloadAssembly (1243ms)
			LoadAssemblies (158ms)
			RebuildTransferFunctionScriptingTraits (0ms)
			SetupTypeCache (361ms)
			ReleaseScriptCaches (1ms)
			RebuildScriptCaches (90ms)
			SetupLoadedEditorAssemblies (578ms)
				LogAssemblyErrors (0ms)
				InitializePlatformSupportModulesInManaged (32ms)
				SetLoadedEditorAssemblies (1ms)
				RefreshPlugins (1ms)
				BeforeProcessingInitializeOnLoad (144ms)
				ProcessInitializeOnLoadAttributes (345ms)
				ProcessInitializeOnLoadMethodAttributes (40ms)
				AfterProcessingInitializeOnLoad (14ms)
				EditorAssembliesLoaded (0ms)
			ExecutionOrderSort2 (0ms)
			AwakeInstancesAfterBackupRestoration (8ms)
Platform modules already initialized, skipping
========================================================================
Worker process is ready to serve import requests
Launched and connected shader compiler UnityShaderCompiler.exe after 0.07 seconds
Refreshing native plugins compatible for Editor in 0.75 ms, found 3 plugins.
Preloading 0 native plugins for Editor in 0.00 ms.
Unloading 3229 Unused Serialized files (Serialized files now loaded: 0)
Unloading 37 unused Assets / (88.0 KB). Loaded Objects now: 3681.
Memory consumption went from 115.0 MB to 114.9 MB.
Total: 5.895900 ms (FindLiveObjects: 0.391500 ms CreateObjectMapping: 0.325700 ms MarkObjects: 5.055600 ms  DeleteObjects: 0.122200 ms)

AssetImportParameters requested are different than current active one (requested -> active):
  custom:video-decoder-ogg-theora: a1e56fd34408186e4bbccfd4996cb3dc -> 
  custom:container-muxer-webm: aa71ff27fc2769a1b78a27578f13a17b -> 
  custom:container-demuxer-webm: 4f35f7cbe854078d1ac9338744f61a02 -> 
  custom:video-encoder-webm-vp8: eb34c28f22e8b96e1ab97ce403110664 -> 
  custom:audio-encoder-webm-vorbis: bf7c407c2cedff20999df2af8eb42d56 -> 
  custom:framework-win-MediaFoundation: 216162199b28c13a410421893ffa2e32 -> 
  custom:container-demuxer-ogg: 62fdf1f143b41e24485cea50d1cbac27 -> 
  custom:video-decoder-webm-vp8: 9c59270c3fd7afecdb556c50c9e8de78 -> 
  custom:audio-decoder-ogg-vorbis: bf7c407c2cedff20999df2af8eb42d56 -> 
========================================================================
Received Import Request.
  Time since last request: 375597.532370 seconds.
  path: Assets/open.anim
  artifactKey: Guid(834bd3a7ae7585246b034f7ba164cae8) Importer(815301076,1909f56bfc062723c751e8b465ee728b)
Start importing Assets/open.anim using Guid(834bd3a7ae7585246b034f7ba164cae8) Importer(815301076,1909f56bfc062723c751e8b465ee728b)  -> (artifact id: '9322f219b59320ac70ae01dc5bcc8ede') in 0.066910 seconds 
========================================================================
Received Prepare
Registering precompiled user dll's ...
Registered in 0.004951 seconds.
Begin MonoManager ReloadAssembly
Symbol file LoadedFromMemory doesn't match image C:\Unity\horor 3d\Library\PackageCache\com.unity.visualscripting@1.8.0\Editor\VisualScripting.Core\Dependencies\YamlDotNet\Unity.VisualScripting.YamlDotNet.dll
Symbol file LoadedFromMemory doesn't match image C:\Unity\horor 3d\Library\PackageCache\com.unity.visualscripting@1.8.0\Editor\VisualScripting.Core\Dependencies\DotNetZip\Unity.VisualScripting.IonicZip.dll
Native extension for WindowsStandalone target not found
Native extension for Android target not found
Refreshing native plugins compatible for Editor in 1.14 ms, found 3 plugins.
Preloading 0 native plugins for Editor in 0.00 ms.
Mono: successfully reloaded assembly
- Completed reload, in  1.646 seconds
Domain Reload Profiling:
	ReloadAssembly (1647ms)
		BeginReloadAssembly (234ms)
			ExecutionOrderSort (0ms)
			DisableScriptedObjects (11ms)
			BackupInstance (0ms)
			ReleaseScriptingObjects (0ms)
			CreateAndSetChildDomain (53ms)
		EndReloadAssembly (1225ms)
			LoadAssemblies (164ms)
			RebuildTransferFunctionScriptingTraits (0ms)
			SetupTypeCache (399ms)
			ReleaseScriptCaches (2ms)
			RebuildScriptCaches (74ms)
			SetupLoadedEditorAssemblies (524ms)
				LogAssemblyErrors (0ms)
				InitializePlatformSupportModulesInManaged (34ms)
				SetLoadedEditorAssemblies (1ms)
				RefreshPlugins (1ms)
				BeforeProcessingInitializeOnLoad (119ms)
				ProcessInitializeOnLoadAttributes (321ms)
				ProcessInitializeOnLoadMethodAttributes (33ms)
				AfterProcessingInitializeOnLoad (14ms)
				EditorAssembliesLoaded (0ms)
			ExecutionOrderSort2 (0ms)
			AwakeInstancesAfterBackupRestoration (11ms)
Platform modules already initialized, skipping
Refreshing native plugins compatible for Editor in 6.02 ms, found 3 plugins.
Preloading 0 native plugins for Editor in 0.00 ms.
Unloading 3211 Unused Serialized files (Serialized files now loaded: 0)
Unloading 30 unused Assets / (55.6 KB). Loaded Objects now: 3685.
Memory consumption went from 113.5 MB to 113.4 MB.
Total: 7.281900 ms (FindLiveObjects: 0.329200 ms CreateObjectMapping: 0.215000 ms MarkObjects: 6.624800 ms  DeleteObjects: 0.111900 ms)

AssetImportParameters requested are different than current active one (requested -> active):
  custom:video-decoder-ogg-theora: a1e56fd34408186e4bbccfd4996cb3dc -> 
  custom:container-muxer-webm: aa71ff27fc2769a1b78a27578f13a17b -> 
  custom:container-demuxer-webm: 4f35f7cbe854078d1ac9338744f61a02 -> 
  custom:video-encoder-webm-vp8: eb34c28f22e8b96e1ab97ce403110664 -> 
  custom:audio-encoder-webm-vorbis: bf7c407c2cedff20999df2af8eb42d56 -> 
  custom:framework-win-MediaFoundation: 216162199b28c13a410421893ffa2e32 -> 
  custom:container-demuxer-ogg: 62fdf1f143b41e24485cea50d1cbac27 -> 
  custom:video-decoder-webm-vp8: 9c59270c3fd7afecdb556c50c9e8de78 -> 
  custom:audio-decoder-ogg-vorbis: bf7c407c2cedff20999df2af8eb42d56 -> 
========================================================================
Received Prepare
Registering precompiled user dll's ...
Registered in 0.007440 seconds.
Begin MonoManager ReloadAssembly
Symbol file LoadedFromMemory doesn't match image C:\Unity\horor 3d\Library\PackageCache\com.unity.visualscripting@1.8.0\Editor\VisualScripting.Core\Dependencies\YamlDotNet\Unity.VisualScripting.YamlDotNet.dll
Symbol file LoadedFromMemory doesn't match image C:\Unity\horor 3d\Library\PackageCache\com.unity.visualscripting@1.8.0\Editor\VisualScripting.Core\Dependencies\DotNetZip\Unity.VisualScripting.IonicZip.dll
Native extension for WindowsStandalone target not found
Native extension for Android target not found
Refreshing native plugins compatible for Editor in 0.60 ms, found 3 plugins.
Preloading 0 native plugins for Editor in 0.00 ms.
Mono: successfully reloaded assembly
- Completed reload, in  1.108 seconds
Domain Reload Profiling:
	ReloadAssembly (1109ms)
		BeginReloadAssembly (173ms)
			ExecutionOrderSort (0ms)
			DisableScriptedObjects (6ms)
			BackupInstance (0ms)
			ReleaseScriptingObjects (0ms)
			CreateAndSetChildDomain (38ms)
		EndReloadAssembly (810ms)
			LoadAssemblies (113ms)
			RebuildTransferFunctionScriptingTraits (0ms)
			SetupTypeCache (308ms)
			ReleaseScriptCaches (1ms)
			RebuildScriptCaches (56ms)
			SetupLoadedEditorAssemblies (311ms)
				LogAssemblyErrors (0ms)
				InitializePlatformSupportModulesInManaged (19ms)
				SetLoadedEditorAssemblies (0ms)
				RefreshPlugins (1ms)
				BeforeProcessingInitializeOnLoad (75ms)
				ProcessInitializeOnLoadAttributes (187ms)
				ProcessInitializeOnLoadMethodAttributes (20ms)
				AfterProcessingInitializeOnLoad (8ms)
				EditorAssembliesLoaded (0ms)
			ExecutionOrderSort2 (0ms)
			AwakeInstancesAfterBackupRestoration (6ms)
Platform modules already initialized, skipping
Refreshing native plugins compatible for Editor in 3.46 ms, found 3 plugins.
Preloading 0 native plugins for Editor in 0.00 ms.
Unloading 3211 Unused Serialized files (Serialized files now loaded: 0)
Unloading 30 unused Assets / (55.0 KB). Loaded Objects now: 3688.
Memory consumption went from 113.5 MB to 113.5 MB.
Total: 2.445200 ms (FindLiveObjects: 0.222700 ms CreateObjectMapping: 0.130000 ms MarkObjects: 2.027200 ms  DeleteObjects: 0.064700 ms)

AssetImportParameters requested are different than current active one (requested -> active):
  custom:video-decoder-ogg-theora: a1e56fd34408186e4bbccfd4996cb3dc -> 
  custom:container-muxer-webm: aa71ff27fc2769a1b78a27578f13a17b -> 
  custom:container-demuxer-webm: 4f35f7cbe854078d1ac9338744f61a02 -> 
  custom:video-encoder-webm-vp8: eb34c28f22e8b96e1ab97ce403110664 -> 
  custom:audio-encoder-webm-vorbis: bf7c407c2cedff20999df2af8eb42d56 -> 
  custom:framework-win-MediaFoundation: 216162199b28c13a410421893ffa2e32 -> 
  custom:container-demuxer-ogg: 62fdf1f143b41e24485cea50d1cbac27 -> 
  custom:video-decoder-webm-vp8: 9c59270c3fd7afecdb556c50c9e8de78 -> 
  custom:audio-decoder-ogg-vorbis: bf7c407c2cedff20999df2af8eb42d56 -> 
========================================================================
Received Prepare
Registering precompiled user dll's ...
Registered in 0.005093 seconds.
Begin MonoManager ReloadAssembly
Symbol file LoadedFromMemory doesn't match image C:\Unity\horor 3d\Library\PackageCache\com.unity.visualscripting@1.8.0\Editor\VisualScripting.Core\Dependencies\YamlDotNet\Unity.VisualScripting.YamlDotNet.dll
Symbol file LoadedFromMemory doesn't match image C:\Unity\horor 3d\Library\PackageCache\com.unity.visualscripting@1.8.0\Editor\VisualScripting.Core\Dependencies\DotNetZip\Unity.VisualScripting.IonicZip.dll
Native extension for WindowsStandalone target not found
Native extension for Android target not found
Refreshing native plugins compatible for Editor in 0.68 ms, found 3 plugins.
Preloading 0 native plugins for Editor in 0.00 ms.
Mono: successfully reloaded assembly
- Completed reload, in  1.254 seconds
Domain Reload Profiling:
	ReloadAssembly (1255ms)
		BeginReloadAssembly (166ms)
			ExecutionOrderSort (0ms)
			DisableScriptedObjects (6ms)
			BackupInstance (0ms)
			ReleaseScriptingObjects (0ms)
			CreateAndSetChildDomain (33ms)
		EndReloadAssembly (964ms)
			LoadAssemblies (117ms)
			RebuildTransferFunctionScriptingTraits (0ms)
			SetupTypeCache (274ms)
			ReleaseScriptCaches (1ms)
			RebuildScriptCaches (58ms)
			SetupLoadedEditorAssemblies (450ms)
				LogAssemblyErrors (0ms)
				InitializePlatformSupportModulesInManaged (29ms)
				SetLoadedEditorAssemblies (1ms)
				RefreshPlugins (1ms)
				BeforeProcessingInitializeOnLoad (102ms)
				ProcessInitializeOnLoadAttributes (275ms)
				ProcessInitializeOnLoadMethodAttributes (29ms)
				AfterProcessingInitializeOnLoad (13ms)
				EditorAssembliesLoaded (0ms)
			ExecutionOrderSort2 (0ms)
			AwakeInstancesAfterBackupRestoration (9ms)
Platform modules already initialized, skipping
Refreshing native plugins compatible for Editor in 4.43 ms, found 3 plugins.
Preloading 0 native plugins for Editor in 0.00 ms.
Unloading 3211 Unused Serialized files (Serialized files now loaded: 0)
Unloading 30 unused Assets / (55.0 KB). Loaded Objects now: 3691.
Memory consumption went from 113.5 MB to 113.5 MB.
Total: 3.959000 ms (FindLiveObjects: 0.334000 ms CreateObjectMapping: 0.263600 ms MarkObjects: 3.260800 ms  DeleteObjects: 0.099500 ms)

AssetImportParameters requested are different than current active one (requested -> active):
  custom:video-decoder-ogg-theora: a1e56fd34408186e4bbccfd4996cb3dc -> 
  custom:container-muxer-webm: aa71ff27fc2769a1b78a27578f13a17b -> 
  custom:container-demuxer-webm: 4f35f7cbe854078d1ac9338744f61a02 -> 
  custom:video-encoder-webm-vp8: eb34c28f22e8b96e1ab97ce403110664 -> 
  custom:audio-encoder-webm-vorbis: bf7c407c2cedff20999df2af8eb42d56 -> 
  custom:framework-win-MediaFoundation: 216162199b28c13a410421893ffa2e32 -> 
  custom:container-demuxer-ogg: 62fdf1f143b41e24485cea50d1cbac27 -> 
  custom:video-decoder-webm-vp8: 9c59270c3fd7afecdb556c50c9e8de78 -> 
  custom:audio-decoder-ogg-vorbis: bf7c407c2cedff20999df2af8eb42d56 -> 
========================================================================
Received Import Request.
  Time since last request: 57062.532579 seconds.
  path: Assets/wall.controller
  artifactKey: Guid(c9f99a089723ceb488f7ca7a473328bc) Importer(815301076,1909f56bfc062723c751e8b465ee728b)
Start importing Assets/wall.controller using Guid(c9f99a089723ceb488f7ca7a473328bc) Importer(815301076,1909f56bfc062723c751e8b465ee728b)  -> (artifact id: '741c5f877da8e134c4c2cd306c0f4198') in 0.027980 seconds 
========================================================================
Received Prepare
Registering precompiled user dll's ...
Registered in 0.007227 seconds.
Begin MonoManager ReloadAssembly
Symbol file LoadedFromMemory doesn't match image C:\Unity\horor 3d\Library\PackageCache\com.unity.visualscripting@1.8.0\Editor\VisualScripting.Core\Dependencies\YamlDotNet\Unity.VisualScripting.YamlDotNet.dll
Symbol file LoadedFromMemory doesn't match image C:\Unity\horor 3d\Library\PackageCache\com.unity.visualscripting@1.8.0\Editor\VisualScripting.Core\Dependencies\DotNetZip\Unity.VisualScripting.IonicZip.dll
Native extension for WindowsStandalone target not found
Native extension for Android target not found
Refreshing native plugins compatible for Editor in 0.83 ms, found 3 plugins.
Preloading 0 native plugins for Editor in 0.00 ms.
Mono: successfully reloaded assembly
- Completed reload, in  1.408 seconds
Domain Reload Profiling:
	ReloadAssembly (1409ms)
		BeginReloadAssembly (159ms)
			ExecutionOrderSort (0ms)
			DisableScriptedObjects (7ms)
			BackupInstance (0ms)
			ReleaseScriptingObjects (0ms)
			CreateAndSetChildDomain (41ms)
		EndReloadAssembly (1110ms)
			LoadAssemblies (103ms)
			RebuildTransferFunctionScriptingTraits (0ms)
			SetupTypeCache (371ms)
			ReleaseScriptCaches (1ms)
			RebuildScriptCaches (67ms)
			SetupLoadedEditorAssemblies (472ms)
				LogAssemblyErrors (0ms)
				InitializePlatformSupportModulesInManaged (32ms)
				SetLoadedEditorAssemblies (1ms)
				RefreshPlugins (1ms)
				BeforeProcessingInitializeOnLoad (102ms)
				ProcessInitializeOnLoadAttributes (290ms)
				ProcessInitializeOnLoadMethodAttributes (31ms)
				AfterProcessingInitializeOnLoad (15ms)
				EditorAssembliesLoaded (0ms)
			ExecutionOrderSort2 (0ms)
			AwakeInstancesAfterBackupRestoration (10ms)
Platform modules already initialized, skipping
Refreshing native plugins compatible for Editor in 5.42 ms, found 3 plugins.
Preloading 0 native plugins for Editor in 0.00 ms.
Unloading 3211 Unused Serialized files (Serialized files now loaded: 0)
Unloading 30 unused Assets / (56.0 KB). Loaded Objects now: 3694.
Memory consumption went from 113.5 MB to 113.5 MB.
Total: 3.798900 ms (FindLiveObjects: 0.290600 ms CreateObjectMapping: 0.495800 ms MarkObjects: 2.889300 ms  DeleteObjects: 0.122000 ms)

AssetImportParameters requested are different than current active one (requested -> active):
  custom:video-decoder-ogg-theora: a1e56fd34408186e4bbccfd4996cb3dc -> 
  custom:container-muxer-webm: aa71ff27fc2769a1b78a27578f13a17b -> 
  custom:container-demuxer-webm: 4f35f7cbe854078d1ac9338744f61a02 -> 
  custom:video-encoder-webm-vp8: eb34c28f22e8b96e1ab97ce403110664 -> 
  custom:audio-encoder-webm-vorbis: bf7c407c2cedff20999df2af8eb42d56 -> 
  custom:framework-win-MediaFoundation: 216162199b28c13a410421893ffa2e32 -> 
  custom:container-demuxer-ogg: 62fdf1f143b41e24485cea50d1cbac27 -> 
  custom:video-decoder-webm-vp8: 9c59270c3fd7afecdb556c50c9e8de78 -> 
  custom:audio-decoder-ogg-vorbis: bf7c407c2cedff20999df2af8eb42d56 -> 
========================================================================
Received Prepare
Trying to reload asset but can't find object on disk
Trying to reload asset but can't find object on disk
Trying to reload asset but can't find object on disk
Trying to reload asset but can't find object on disk
Trying to reload asset but can't find object on disk
Trying to reload asset but can't find object on disk
Trying to reload asset but can't find object on disk
Trying to reload asset but can't find object on disk
Trying to reload asset but can't find object on disk
Trying to reload asset but can't find object on disk
Trying to reload asset but can't find object on disk
Trying to reload asset but can't find object on disk
Trying to reload asset but can't find object on disk
Trying to reload asset but can't find object on disk
Trying to reload asset but can't find object on disk
Trying to reload asset but can't find object on disk
Trying to reload asset but can't find object on disk
Trying to reload asset but can't find object on disk
Trying to reload asset but can't find object on disk
Registering precompiled user dll's ...
Registered in 0.005189 seconds.
Required property 'name' not set (Packages/com.unity.adaptiveperformance/Tests/Editor/Unity.AdaptivePerformance.Editor.Tests.asmdef)
Required property 'name' not set (Packages/com.unity.mobile.notifications/Editor/Unity.Mobile.Notifications.Editor.asmdef)
Required property 'name' not set (Packages/com.unity.adaptiveperformance/Tests/TestPackage/Runtime/Unity.AdaptivePerformance.TestPackage.asmdef)
Required property 'name' not set (Packages/com.unity.profiling.core/Runtime/Unity.Profiling.Core.asmdef)
Required property 'name' not set (Packages/com.unity.adaptiveperformance/Editor/DeviceSimulator/Unity.AdaptivePerformance.Simulator.Extension.Editor.asmdef)
Required property 'name' not set (Packages/com.unity.mobile.notifications/Tests/Editor/Unity.Notifications.Tests.asmdef)
Required property 'name' not set (Packages/com.unity.subsystemregistration/Runtime/Unity.Subsystem.Registration.asmdef)
Required property 'name' not set (Packages/com.unity.adaptiveperformance/Editor/UI/Unity.AdaptivePerformance.UI.Editor.asmdef)
Required property 'name' not set (Packages/com.unity.mobile.android-logcat/Tests/Integration/Unity.Mobile.AndroidLogcat.IntegrationTests.asmdef)
Required property 'name' not set (Packages/com.unity.mobile.android-logcat/Tests/Runtime/Unity.Mobile.AndroidLogcat.RuntimeTests.asmdef)
Required property 'name' not set (Packages/com.unity.subsystemregistration/Tests/Runtime/Unity.Subsystem.Registration.Runtime.Tests.asmdef)
Required property 'name' not set (Packages/com.unity.mobile.notifications/Runtime/iOS/Unity.Notifications.iOS.asmdef)
Required property 'name' not set (Packages/com.unity.adaptiveperformance/Editor/Provider/Unity.AdaptivePerformance.Simulator.Editor.asmdef)
Required property 'name' not set (Packages/com.unity.adaptiveperformance/Tests/TestPackage/Editor/Unity.AdaptivePerformance.TestPackage.Editor.asmdef)
Required property 'name' not set (Packages/com.unity.adaptiveperformance/Editor/Unity.AdaptivePerformance.Editor.asmdef)
Required property 'name' not set (Packages/com.unity.mobile.android-logcat/Tests/Unity.Mobile.AndroidLogcat.Tests.asmdef)
Required property 'name' not set (Packages/com.unity.adaptiveperformance/Tests/Runtime/Unity.AdaptivePerformance.Tests.asmdef)
Required property 'name' not set (Packages/com.unity.mobile.android-logcat/Editor/Unity.Mobile.AndroidLogcat.Editor.asmdef)
Required property 'name' not set (Packages/com.unity.mobile.android-logcat/Tests/Editor/Unity.Mobile.AndroidLogcat.EditorTests.asmdef)
Required property 'name' not set (Packages/com.unity.mobile.notifications/Tests/Runtime/iOS/Unity.iOS.Notifications.Tests.asmdef)
Required property 'name' not set (Packages/com.unity.mobile.android-logcat/Tests/Editor/Performance/Unity.Mobile.AndroidLogcat.EditorPerformanceTests.asmdef)
Required property 'name' not set (Packages/com.unity.mobile.notifications/Tests/Runtime/Android/Unity.Android.Notifications.Tests.asmdef)
Required property 'name' not set (Packages/com.unity.adaptiveperformance/Runtime/Unity.AdaptivePerformance.asmdef)
Required property 'name' not set (Packages/com.unity.mobile.notifications/Runtime/Android/Unity.Notifications.Android.asmdef)
Required property 'name' not set (Packages/com.unity.adaptiveperformance/Editor/Profiler/Unity.AdaptivePerformance.Profiler.Editor.asmdef)
Required property 'name' not set (Packages/com.unity.adaptiveperformance/Tests/StandaloneSubsystem/Unity.AdaptivePerformance.Tests.Standalone.asmdef)
Required property 'name' not set (Packages/com.unity.adaptiveperformance/Tests/Editor/Unity.AdaptivePerformance.Editor.Tests.asmdef)
Required property 'name' not set (Packages/com.unity.mobile.notifications/Editor/Unity.Mobile.Notifications.Editor.asmdef)
Required property 'name' not set (Packages/com.unity.adaptiveperformance/Tests/TestPackage/Runtime/Unity.AdaptivePerformance.TestPackage.asmdef)
Required property 'name' not set (Packages/com.unity.profiling.core/Runtime/Unity.Profiling.Core.asmdef)
Required property 'name' not set (Packages/com.unity.adaptiveperformance/Editor/DeviceSimulator/Unity.AdaptivePerformance.Simulator.Extension.Editor.asmdef)
Required property 'name' not set (Packages/com.unity.mobile.notifications/Tests/Editor/Unity.Notifications.Tests.asmdef)
Required property 'name' not set (Packages/com.unity.subsystemregistration/Runtime/Unity.Subsystem.Registration.asmdef)
Required property 'name' not set (Packages/com.unity.adaptiveperformance/Editor/UI/Unity.AdaptivePerformance.UI.Editor.asmdef)
Required property 'name' not set (Packages/com.unity.mobile.android-logcat/Tests/Integration/Unity.Mobile.AndroidLogcat.IntegrationTests.asmdef)
Required property 'name' not set (Packages/com.unity.mobile.android-logcat/Tests/Runtime/Unity.Mobile.AndroidLogcat.RuntimeTests.asmdef)
Required property 'name' not set (Packages/com.unity.subsystemregistration/Tests/Runtime/Unity.Subsystem.Registration.Runtime.Tests.asmdef)
Required property 'name' not set (Packages/com.unity.mobile.notifications/Runtime/iOS/Unity.Notifications.iOS.asmdef)
Required property 'name' not set (Packages/com.unity.adaptiveperformance/Editor/Provider/Unity.AdaptivePerformance.Simulator.Editor.asmdef)
Required property 'name' not set (Packages/com.unity.adaptiveperformance/Tests/TestPackage/Editor/Unity.AdaptivePerformance.TestPackage.Editor.asmdef)
Required property 'name' not set (Packages/com.unity.adaptiveperformance/Editor/Unity.AdaptivePerformance.Editor.asmdef)
Required property 'name' not set (Packages/com.unity.mobile.android-logcat/Tests/Unity.Mobile.AndroidLogcat.Tests.asmdef)
Required property 'name' not set (Packages/com.unity.adaptiveperformance/Tests/Runtime/Unity.AdaptivePerformance.Tests.asmdef)
Required property 'name' not set (Packages/com.unity.mobile.android-logcat/Editor/Unity.Mobile.AndroidLogcat.Editor.asmdef)
Required property 'name' not set (Packages/com.unity.mobile.android-logcat/Tests/Editor/Unity.Mobile.AndroidLogcat.EditorTests.asmdef)
Required property 'name' not set (Packages/com.unity.mobile.notifications/Tests/Runtime/iOS/Unity.iOS.Notifications.Tests.asmdef)
Required property 'name' not set (Packages/com.unity.mobile.android-logcat/Tests/Editor/Performance/Unity.Mobile.AndroidLogcat.EditorPerformanceTests.asmdef)
Required property 'name' not set (Packages/com.unity.mobile.notifications/Tests/Runtime/Android/Unity.Android.Notifications.Tests.asmdef)
Required property 'name' not set (Packages/com.unity.adaptiveperformance/Runtime/Unity.AdaptivePerformance.asmdef)
Required property 'name' not set (Packages/com.unity.mobile.notifications/Runtime/Android/Unity.Notifications.Android.asmdef)
Required property 'name' not set (Packages/com.unity.adaptiveperformance/Editor/Profiler/Unity.AdaptivePerformance.Profiler.Editor.asmdef)
Required property 'name' not set (Packages/com.unity.adaptiveperformance/Tests/StandaloneSubsystem/Unity.AdaptivePerformance.Tests.Standalone.asmdef)
Begin MonoManager ReloadAssembly
Symbol file LoadedFromMemory doesn't match image C:\Unity\horor 3d\Library\PackageCache\com.unity.visualscripting@1.8.0\Editor\VisualScripting.Core\Dependencies\YamlDotNet\Unity.VisualScripting.YamlDotNet.dll
Symbol file LoadedFromMemory doesn't match image C:\Unity\horor 3d\Library\PackageCache\com.unity.visualscripting@1.8.0\Editor\VisualScripting.Core\Dependencies\DotNetZip\Unity.VisualScripting.IonicZip.dll
Native extension for WindowsStandalone target not found
Native extension for Android target not found
Refreshing native plugins compatible for Editor in 1.43 ms, found 3 plugins.
Preloading 0 native plugins for Editor in 0.00 ms.
Required property 'name' not set (Packages/com.unity.adaptiveperformance/Tests/Editor/Unity.AdaptivePerformance.Editor.Tests.asmdef)
Required property 'name' not set (Packages/com.unity.mobile.notifications/Editor/Unity.Mobile.Notifications.Editor.asmdef)
Required property 'name' not set (Packages/com.unity.adaptiveperformance/Tests/TestPackage/Runtime/Unity.AdaptivePerformance.TestPackage.asmdef)
Required property 'name' not set (Packages/com.unity.profiling.core/Runtime/Unity.Profiling.Core.asmdef)
Required property 'name' not set (Packages/com.unity.adaptiveperformance/Editor/DeviceSimulator/Unity.AdaptivePerformance.Simulator.Extension.Editor.asmdef)
Required property 'name' not set (Packages/com.unity.mobile.notifications/Tests/Editor/Unity.Notifications.Tests.asmdef)
Required property 'name' not set (Packages/com.unity.subsystemregistration/Runtime/Unity.Subsystem.Registration.asmdef)
Required property 'name' not set (Packages/com.unity.adaptiveperformance/Editor/UI/Unity.AdaptivePerformance.UI.Editor.asmdef)
Required property 'name' not set (Packages/com.unity.mobile.android-logcat/Tests/Integration/Unity.Mobile.AndroidLogcat.IntegrationTests.asmdef)
Required property 'name' not set (Packages/com.unity.mobile.android-logcat/Tests/Runtime/Unity.Mobile.AndroidLogcat.RuntimeTests.asmdef)
Required property 'name' not set (Packages/com.unity.subsystemregistration/Tests/Runtime/Unity.Subsystem.Registration.Runtime.Tests.asmdef)
Required property 'name' not set (Packages/com.unity.mobile.notifications/Runtime/iOS/Unity.Notifications.iOS.asmdef)
Required property 'name' not set (Packages/com.unity.adaptiveperformance/Editor/Provider/Unity.AdaptivePerformance.Simulator.Editor.asmdef)
Required property 'name' not set (Packages/com.unity.adaptiveperformance/Tests/TestPackage/Editor/Unity.AdaptivePerformance.TestPackage.Editor.asmdef)
Required property 'name' not set (Packages/com.unity.adaptiveperformance/Editor/Unity.AdaptivePerformance.Editor.asmdef)
Required property 'name' not set (Packages/com.unity.mobile.android-logcat/Tests/Unity.Mobile.AndroidLogcat.Tests.asmdef)
Required property 'name' not set (Packages/com.unity.adaptiveperformance/Tests/Runtime/Unity.AdaptivePerformance.Tests.asmdef)
Required property 'name' not set (Packages/com.unity.mobile.android-logcat/Editor/Unity.Mobile.AndroidLogcat.Editor.asmdef)
Required property 'name' not set (Packages/com.unity.mobile.android-logcat/Tests/Editor/Unity.Mobile.AndroidLogcat.EditorTests.asmdef)
Required property 'name' not set (Packages/com.unity.mobile.notifications/Tests/Runtime/iOS/Unity.iOS.Notifications.Tests.asmdef)
Required property 'name' not set (Packages/com.unity.mobile.android-logcat/Tests/Editor/Performance/Unity.Mobile.AndroidLogcat.EditorPerformanceTests.asmdef)
Required property 'name' not set (Packages/com.unity.mobile.notifications/Tests/Runtime/Android/Unity.Android.Notifications.Tests.asmdef)
Required property 'name' not set (Packages/com.unity.adaptiveperformance/Runtime/Unity.AdaptivePerformance.asmdef)
Required property 'name' not set (Packages/com.unity.mobile.notifications/Runtime/Android/Unity.Notifications.Android.asmdef)
Required property 'name' not set (Packages/com.unity.adaptiveperformance/Editor/Profiler/Unity.AdaptivePerformance.Profiler.Editor.asmdef)
Required property 'name' not set (Packages/com.unity.adaptiveperformance/Tests/StandaloneSubsystem/Unity.AdaptivePerformance.Tests.Standalone.asmdef)
Mono: successfully reloaded assembly
- Completed reload, in  1.542 seconds
Domain Reload Profiling:
	ReloadAssembly (1543ms)
		BeginReloadAssembly (216ms)
			ExecutionOrderSort (0ms)
			DisableScriptedObjects (10ms)
			BackupInstance (0ms)
			ReleaseScriptingObjects (0ms)
			CreateAndSetChildDomain (47ms)
		EndReloadAssembly (1163ms)
			LoadAssemblies (147ms)
			RebuildTransferFunctionScriptingTraits (0ms)
			SetupTypeCache (355ms)
			ReleaseScriptCaches (1ms)
			RebuildScriptCaches (106ms)
			SetupLoadedEditorAssemblies (507ms)
				LogAssemblyErrors (0ms)
				InitializePlatformSupportModulesInManaged (32ms)
				SetLoadedEditorAssemblies (1ms)
				RefreshPlugins (2ms)
				BeforeProcessingInitializeOnLoad (142ms)
				ProcessInitializeOnLoadAttributes (284ms)
				ProcessInitializeOnLoadMethodAttributes (32ms)
				AfterProcessingInitializeOnLoad (13ms)
				EditorAssembliesLoaded (0ms)
			ExecutionOrderSort2 (0ms)
			AwakeInstancesAfterBackupRestoration (9ms)
Platform modules already initialized, skipping
Refreshing native plugins compatible for Editor in 5.60 ms, found 3 plugins.
Preloading 0 native plugins for Editor in 0.00 ms.
Unloading 3211 Unused Serialized files (Serialized files now loaded: 0)
Unloading 30 unused Assets / (55.1 KB). Loaded Objects now: 3697.
Memory consumption went from 113.6 MB to 113.6 MB.
Total: 5.656600 ms (FindLiveObjects: 0.321600 ms CreateObjectMapping: 0.355700 ms MarkObjects: 4.879800 ms  DeleteObjects: 0.098600 ms)

AssetImportParameters requested are different than current active one (requested -> active):
  custom:video-decoder-ogg-theora: a1e56fd34408186e4bbccfd4996cb3dc -> 
  custom:container-muxer-webm: aa71ff27fc2769a1b78a27578f13a17b -> 
  custom:container-demuxer-webm: 4f35f7cbe854078d1ac9338744f61a02 -> 
  custom:video-encoder-webm-vp8: eb34c28f22e8b96e1ab97ce403110664 -> 
  custom:audio-encoder-webm-vorbis: bf7c407c2cedff20999df2af8eb42d56 -> 
  custom:framework-win-MediaFoundation: 216162199b28c13a410421893ffa2e32 -> 
  custom:container-demuxer-ogg: 62fdf1f143b41e24485cea50d1cbac27 -> 
  custom:video-decoder-webm-vp8: 9c59270c3fd7afecdb556c50c9e8de78 -> 
  custom:audio-decoder-ogg-vorbis: bf7c407c2cedff20999df2af8eb42d56 -> 
