Using pre-set license
Built from '2021.3/staging' branch; Version is '2021.3.21f1 (1b156197d683) revision 1774945'; Using compiler version '192829333'; Build Type 'Release'
OS: 'Windows 10  (10.0.19045) 64bit CoreSingleLanguage' Language: 'ru' Physical Memory: 16228 MB
BatchMode: 1, IsHumanControllingUs: 0, StartBugReporterOnCrash: 0, Is64bit: 1, IsPro: 1

COMMAND LINE ARGUMENTS:
C:\Program Files\Unity\Hub\Editor\2021.3.21f1\Editor\Unity.exe
-adb2
-batchMode
-noUpm
-name
AssetImportWorker1
-projectPath
C:/Unity/horor 3d
-logFile
Logs/AssetImportWorker1.log
-srvPort
63936
Successfully changed project path to: C:/Unity/horor 3d
C:/Unity/horor 3d
[UnityMemory] Configuration Parameters - Can be set up in boot.config
    "memorysetup-bucket-allocator-granularity=16"
    "memorysetup-bucket-allocator-bucket-count=8"
    "memorysetup-bucket-allocator-block-size=33554432"
    "memorysetup-bucket-allocator-block-count=8"
    "memorysetup-main-allocator-block-size=16777216"
    "memorysetup-thread-allocator-block-size=16777216"
    "memorysetup-gfx-main-allocator-block-size=16777216"
    "memorysetup-gfx-thread-allocator-block-size=16777216"
    "memorysetup-cache-allocator-block-size=4194304"
    "memorysetup-typetree-allocator-block-size=2097152"
    "memorysetup-profiler-bucket-allocator-granularity=16"
    "memorysetup-profiler-bucket-allocator-bucket-count=8"
    "memorysetup-profiler-bucket-allocator-block-size=33554432"
    "memorysetup-profiler-bucket-allocator-block-count=8"
    "memorysetup-profiler-allocator-block-size=16777216"
    "memorysetup-profiler-editor-allocator-block-size=1048576"
    "memorysetup-temp-allocator-size-main=16777216"
    "memorysetup-job-temp-allocator-block-size=2097152"
    "memorysetup-job-temp-allocator-block-size-background=1048576"
    "memorysetup-job-temp-allocator-reduction-small-platforms=262144"
    "memorysetup-temp-allocator-size-background-worker=32768"
    "memorysetup-temp-allocator-size-job-worker=262144"
    "memorysetup-temp-allocator-size-preload-manager=33554432"
    "memorysetup-temp-allocator-size-nav-mesh-worker=65536"
    "memorysetup-temp-allocator-size-audio-worker=65536"
    "memorysetup-temp-allocator-size-cloud-worker=32768"
    "memorysetup-temp-allocator-size-gi-baking-worker=262144"
    "memorysetup-temp-allocator-size-gfx=262144"
Player connection [18344] Host "[IP] 26.32.73.58 [Port] 0 [Flags] 2 [Guid] 3738339458 [EditorId] 3738339458 [Version] 1048832 [Id] WindowsEditor(7,DESKTOP-5B3QDP7) [Debug] 1 [PackageName] WindowsEditor [ProjectName] Editor" joined multi-casting on [225.0.0.222:54997]...

Player connection [18344] Host "[IP] 26.32.73.58 [Port] 0 [Flags] 2 [Guid] 3738339458 [EditorId] 3738339458 [Version] 1048832 [Id] WindowsEditor(7,DESKTOP-5B3QDP7) [Debug] 1 [PackageName] WindowsEditor [ProjectName] Editor" joined alternative multi-casting on [225.0.0.222:34997]...

Refreshing native plugins compatible for Editor in 150.29 ms, found 3 plugins.
Preloading 0 native plugins for Editor in 0.00 ms.
Initialize engine version: 2021.3.21f1 (1b156197d683)
[Subsystems] Discovering subsystems at path C:/Program Files/Unity/Hub/Editor/2021.3.21f1/Editor/Data/Resources/UnitySubsystems
[Subsystems] Discovering subsystems at path C:/Unity/horor 3d/Assets
GfxDevice: creating device client; threaded=0; jobified=0
Direct3D:
    Version:  Direct3D 11.0 [level 11.1]
    Renderer: NVIDIA GeForce GTX 1050 Ti (ID=0x1c8f)
    Vendor:   NVIDIA
    VRAM:     4021 MB
    Driver:   26.21.14.3630
Initialize mono
Mono path[0] = 'C:/Program Files/Unity/Hub/Editor/2021.3.21f1/Editor/Data/Managed'
Mono path[1] = 'C:/Program Files/Unity/Hub/Editor/2021.3.21f1/Editor/Data/MonoBleedingEdge/lib/mono/unityjit-win32'
Mono config path = 'C:/Program Files/Unity/Hub/Editor/2021.3.21f1/Editor/Data/MonoBleedingEdge/etc'
Using monoOptions --debugger-agent=transport=dt_socket,embedding=1,server=y,suspend=n,address=127.0.0.1:56516
Begin MonoManager ReloadAssembly
Registering precompiled unity dll's ...
Register platform support module: C:/Program Files/Unity/Hub/Editor/2021.3.21f1/Editor/Data/PlaybackEngines/AndroidPlayer/UnityEditor.Android.Extensions.dll
Register platform support module: C:/Program Files/Unity/Hub/Editor/2021.3.21f1/Editor/Data/PlaybackEngines/WindowsStandaloneSupport/UnityEditor.WindowsStandalone.Extensions.dll
Registered in 0.015429 seconds.
Native extension for WindowsStandalone target not found
Native extension for Android target not found
Android Extension - Scanning For ADB Devices 472 ms
Refreshing native plugins compatible for Editor in 139.37 ms, found 3 plugins.
Preloading 0 native plugins for Editor in 0.00 ms.
Mono: successfully reloaded assembly
- Completed reload, in  1.704 seconds
Domain Reload Profiling:
	ReloadAssembly (1705ms)
		BeginReloadAssembly (156ms)
			ExecutionOrderSort (0ms)
			DisableScriptedObjects (0ms)
			BackupInstance (0ms)
			ReleaseScriptingObjects (0ms)
			CreateAndSetChildDomain (1ms)
		EndReloadAssembly (1355ms)
			LoadAssemblies (153ms)
			RebuildTransferFunctionScriptingTraits (0ms)
			SetupTypeCache (205ms)
			ReleaseScriptCaches (0ms)
			RebuildScriptCaches (56ms)
			SetupLoadedEditorAssemblies (998ms)
				LogAssemblyErrors (0ms)
				InitializePlatformSupportModulesInManaged (595ms)
				SetLoadedEditorAssemblies (0ms)
				RefreshPlugins (139ms)
				BeforeProcessingInitializeOnLoad (3ms)
				ProcessInitializeOnLoadAttributes (174ms)
				ProcessInitializeOnLoadMethodAttributes (87ms)
				AfterProcessingInitializeOnLoad (0ms)
				EditorAssembliesLoaded (0ms)
			ExecutionOrderSort2 (0ms)
			AwakeInstancesAfterBackupRestoration (0ms)
Platform modules already initialized, skipping
Registering precompiled user dll's ...
Registered in 0.009184 seconds.
Begin MonoManager ReloadAssembly
Symbol file LoadedFromMemory doesn't match image C:\Unity\horor 3d\Library\PackageCache\com.unity.visualscripting@1.8.0\Editor\VisualScripting.Core\Dependencies\YamlDotNet\Unity.VisualScripting.YamlDotNet.dll
Symbol file LoadedFromMemory doesn't match image C:\Unity\horor 3d\Library\PackageCache\com.unity.visualscripting@1.8.0\Editor\VisualScripting.Core\Dependencies\DotNetZip\Unity.VisualScripting.IonicZip.dll
Native extension for WindowsStandalone target not found
Native extension for Android target not found
Refreshing native plugins compatible for Editor in 0.67 ms, found 3 plugins.
Preloading 0 native plugins for Editor in 0.00 ms.
Mono: successfully reloaded assembly
Package Manager log level set to [2]
- Completed reload, in  1.596 seconds
Domain Reload Profiling:
	ReloadAssembly (1597ms)
		BeginReloadAssembly (218ms)
			ExecutionOrderSort (0ms)
			DisableScriptedObjects (12ms)
			BackupInstance (0ms)
			ReleaseScriptingObjects (0ms)
			CreateAndSetChildDomain (33ms)
		EndReloadAssembly (1199ms)
			LoadAssemblies (158ms)
			RebuildTransferFunctionScriptingTraits (0ms)
			SetupTypeCache (363ms)
			ReleaseScriptCaches (1ms)
			RebuildScriptCaches (104ms)
			SetupLoadedEditorAssemblies (516ms)
				LogAssemblyErrors (0ms)
				InitializePlatformSupportModulesInManaged (32ms)
				SetLoadedEditorAssemblies (1ms)
				RefreshPlugins (1ms)
				BeforeProcessingInitializeOnLoad (125ms)
				ProcessInitializeOnLoadAttributes (313ms)
				ProcessInitializeOnLoadMethodAttributes (31ms)
				AfterProcessingInitializeOnLoad (14ms)
				EditorAssembliesLoaded (0ms)
			ExecutionOrderSort2 (0ms)
			AwakeInstancesAfterBackupRestoration (10ms)
Platform modules already initialized, skipping
========================================================================
Worker process is ready to serve import requests
Launched and connected shader compiler UnityShaderCompiler.exe after 0.08 seconds
Refreshing native plugins compatible for Editor in 1.01 ms, found 3 plugins.
Preloading 0 native plugins for Editor in 0.00 ms.
Unloading 3229 Unused Serialized files (Serialized files now loaded: 0)
Unloading 37 unused Assets / (88.0 KB). Loaded Objects now: 3681.
Memory consumption went from 115.0 MB to 114.9 MB.
Total: 6.323400 ms (FindLiveObjects: 0.327700 ms CreateObjectMapping: 0.260300 ms MarkObjects: 5.591200 ms  DeleteObjects: 0.142800 ms)

AssetImportParameters requested are different than current active one (requested -> active):
  custom:video-decoder-ogg-theora: a1e56fd34408186e4bbccfd4996cb3dc -> 
  custom:container-muxer-webm: aa71ff27fc2769a1b78a27578f13a17b -> 
  custom:container-demuxer-webm: 4f35f7cbe854078d1ac9338744f61a02 -> 
  custom:video-encoder-webm-vp8: eb34c28f22e8b96e1ab97ce403110664 -> 
  custom:audio-encoder-webm-vorbis: bf7c407c2cedff20999df2af8eb42d56 -> 
  custom:framework-win-MediaFoundation: 216162199b28c13a410421893ffa2e32 -> 
  custom:container-demuxer-ogg: 62fdf1f143b41e24485cea50d1cbac27 -> 
  custom:video-decoder-webm-vp8: 9c59270c3fd7afecdb556c50c9e8de78 -> 
  custom:audio-decoder-ogg-vorbis: bf7c407c2cedff20999df2af8eb42d56 -> 
========================================================================
Received Prepare
Registering precompiled user dll's ...
Registered in 0.007244 seconds.
Begin MonoManager ReloadAssembly
Symbol file LoadedFromMemory doesn't match image C:\Unity\horor 3d\Library\PackageCache\com.unity.visualscripting@1.8.0\Editor\VisualScripting.Core\Dependencies\YamlDotNet\Unity.VisualScripting.YamlDotNet.dll
Symbol file LoadedFromMemory doesn't match image C:\Unity\horor 3d\Library\PackageCache\com.unity.visualscripting@1.8.0\Editor\VisualScripting.Core\Dependencies\DotNetZip\Unity.VisualScripting.IonicZip.dll
Native extension for WindowsStandalone target not found
Native extension for Android target not found
Refreshing native plugins compatible for Editor in 0.97 ms, found 3 plugins.
Preloading 0 native plugins for Editor in 0.00 ms.
Mono: successfully reloaded assembly
- Completed reload, in  1.675 seconds
Domain Reload Profiling:
	ReloadAssembly (1676ms)
		BeginReloadAssembly (231ms)
			ExecutionOrderSort (0ms)
			DisableScriptedObjects (11ms)
			BackupInstance (0ms)
			ReleaseScriptingObjects (0ms)
			CreateAndSetChildDomain (56ms)
		EndReloadAssembly (1257ms)
			LoadAssemblies (161ms)
			RebuildTransferFunctionScriptingTraits (0ms)
			SetupTypeCache (412ms)
			ReleaseScriptCaches (2ms)
			RebuildScriptCaches (76ms)
			SetupLoadedEditorAssemblies (539ms)
				LogAssemblyErrors (0ms)
				InitializePlatformSupportModulesInManaged (36ms)
				SetLoadedEditorAssemblies (1ms)
				RefreshPlugins (1ms)
				BeforeProcessingInitializeOnLoad (124ms)
				ProcessInitializeOnLoadAttributes (323ms)
				ProcessInitializeOnLoadMethodAttributes (36ms)
				AfterProcessingInitializeOnLoad (18ms)
				EditorAssembliesLoaded (0ms)
			ExecutionOrderSort2 (0ms)
			AwakeInstancesAfterBackupRestoration (11ms)
Platform modules already initialized, skipping
Refreshing native plugins compatible for Editor in 6.13 ms, found 3 plugins.
Preloading 0 native plugins for Editor in 0.00 ms.
Unloading 3211 Unused Serialized files (Serialized files now loaded: 0)
Unloading 30 unused Assets / (55.6 KB). Loaded Objects now: 3684.
Memory consumption went from 113.5 MB to 113.4 MB.
Total: 6.190900 ms (FindLiveObjects: 0.328300 ms CreateObjectMapping: 0.313500 ms MarkObjects: 5.434600 ms  DeleteObjects: 0.113500 ms)

AssetImportParameters requested are different than current active one (requested -> active):
  custom:video-decoder-ogg-theora: a1e56fd34408186e4bbccfd4996cb3dc -> 
  custom:container-muxer-webm: aa71ff27fc2769a1b78a27578f13a17b -> 
  custom:container-demuxer-webm: 4f35f7cbe854078d1ac9338744f61a02 -> 
  custom:video-encoder-webm-vp8: eb34c28f22e8b96e1ab97ce403110664 -> 
  custom:audio-encoder-webm-vorbis: bf7c407c2cedff20999df2af8eb42d56 -> 
  custom:framework-win-MediaFoundation: 216162199b28c13a410421893ffa2e32 -> 
  custom:container-demuxer-ogg: 62fdf1f143b41e24485cea50d1cbac27 -> 
  custom:video-decoder-webm-vp8: 9c59270c3fd7afecdb556c50c9e8de78 -> 
  custom:audio-decoder-ogg-vorbis: bf7c407c2cedff20999df2af8eb42d56 -> 
========================================================================
Received Prepare
Registering precompiled user dll's ...
Registered in 0.006034 seconds.
Begin MonoManager ReloadAssembly
Symbol file LoadedFromMemory doesn't match image C:\Unity\horor 3d\Library\PackageCache\com.unity.visualscripting@1.8.0\Editor\VisualScripting.Core\Dependencies\YamlDotNet\Unity.VisualScripting.YamlDotNet.dll
Symbol file LoadedFromMemory doesn't match image C:\Unity\horor 3d\Library\PackageCache\com.unity.visualscripting@1.8.0\Editor\VisualScripting.Core\Dependencies\DotNetZip\Unity.VisualScripting.IonicZip.dll
Native extension for WindowsStandalone target not found
Native extension for Android target not found
Refreshing native plugins compatible for Editor in 0.60 ms, found 3 plugins.
Preloading 0 native plugins for Editor in 0.00 ms.
Mono: successfully reloaded assembly
- Completed reload, in  1.051 seconds
Domain Reload Profiling:
	ReloadAssembly (1052ms)
		BeginReloadAssembly (161ms)
			ExecutionOrderSort (0ms)
			DisableScriptedObjects (6ms)
			BackupInstance (0ms)
			ReleaseScriptingObjects (0ms)
			CreateAndSetChildDomain (34ms)
		EndReloadAssembly (777ms)
			LoadAssemblies (111ms)
			RebuildTransferFunctionScriptingTraits (0ms)
			SetupTypeCache (268ms)
			ReleaseScriptCaches (1ms)
			RebuildScriptCaches (54ms)
			SetupLoadedEditorAssemblies (305ms)
				LogAssemblyErrors (0ms)
				InitializePlatformSupportModulesInManaged (19ms)
				SetLoadedEditorAssemblies (0ms)
				RefreshPlugins (1ms)
				BeforeProcessingInitializeOnLoad (74ms)
				ProcessInitializeOnLoadAttributes (182ms)
				ProcessInitializeOnLoadMethodAttributes (20ms)
				AfterProcessingInitializeOnLoad (9ms)
				EditorAssembliesLoaded (0ms)
			ExecutionOrderSort2 (0ms)
			AwakeInstancesAfterBackupRestoration (6ms)
Platform modules already initialized, skipping
Refreshing native plugins compatible for Editor in 3.38 ms, found 3 plugins.
Preloading 0 native plugins for Editor in 0.00 ms.
Unloading 3211 Unused Serialized files (Serialized files now loaded: 0)
Unloading 30 unused Assets / (55.0 KB). Loaded Objects now: 3687.
Memory consumption went from 113.5 MB to 113.4 MB.
Total: 3.033100 ms (FindLiveObjects: 0.265300 ms CreateObjectMapping: 0.160200 ms MarkObjects: 2.531800 ms  DeleteObjects: 0.074900 ms)

AssetImportParameters requested are different than current active one (requested -> active):
  custom:video-decoder-ogg-theora: a1e56fd34408186e4bbccfd4996cb3dc -> 
  custom:container-muxer-webm: aa71ff27fc2769a1b78a27578f13a17b -> 
  custom:container-demuxer-webm: 4f35f7cbe854078d1ac9338744f61a02 -> 
  custom:video-encoder-webm-vp8: eb34c28f22e8b96e1ab97ce403110664 -> 
  custom:audio-encoder-webm-vorbis: bf7c407c2cedff20999df2af8eb42d56 -> 
  custom:framework-win-MediaFoundation: 216162199b28c13a410421893ffa2e32 -> 
  custom:container-demuxer-ogg: 62fdf1f143b41e24485cea50d1cbac27 -> 
  custom:video-decoder-webm-vp8: 9c59270c3fd7afecdb556c50c9e8de78 -> 
  custom:audio-decoder-ogg-vorbis: bf7c407c2cedff20999df2af8eb42d56 -> 
========================================================================
Received Prepare
Registering precompiled user dll's ...
Registered in 0.005261 seconds.
Begin MonoManager ReloadAssembly
Symbol file LoadedFromMemory doesn't match image C:\Unity\horor 3d\Library\PackageCache\com.unity.visualscripting@1.8.0\Editor\VisualScripting.Core\Dependencies\YamlDotNet\Unity.VisualScripting.YamlDotNet.dll
Symbol file LoadedFromMemory doesn't match image C:\Unity\horor 3d\Library\PackageCache\com.unity.visualscripting@1.8.0\Editor\VisualScripting.Core\Dependencies\DotNetZip\Unity.VisualScripting.IonicZip.dll
Native extension for WindowsStandalone target not found
Native extension for Android target not found
Refreshing native plugins compatible for Editor in 0.65 ms, found 3 plugins.
Preloading 0 native plugins for Editor in 0.00 ms.
Mono: successfully reloaded assembly
- Completed reload, in  1.248 seconds
Domain Reload Profiling:
	ReloadAssembly (1249ms)
		BeginReloadAssembly (158ms)
			ExecutionOrderSort (0ms)
			DisableScriptedObjects (7ms)
			BackupInstance (0ms)
			ReleaseScriptingObjects (0ms)
			CreateAndSetChildDomain (34ms)
		EndReloadAssembly (953ms)
			LoadAssemblies (110ms)
			RebuildTransferFunctionScriptingTraits (0ms)
			SetupTypeCache (264ms)
			ReleaseScriptCaches (1ms)
			RebuildScriptCaches (57ms)
			SetupLoadedEditorAssemblies (448ms)
				LogAssemblyErrors (0ms)
				InitializePlatformSupportModulesInManaged (27ms)
				SetLoadedEditorAssemblies (1ms)
				RefreshPlugins (1ms)
				BeforeProcessingInitializeOnLoad (104ms)
				ProcessInitializeOnLoadAttributes (273ms)
				ProcessInitializeOnLoadMethodAttributes (29ms)
				AfterProcessingInitializeOnLoad (14ms)
				EditorAssembliesLoaded (0ms)
			ExecutionOrderSort2 (0ms)
			AwakeInstancesAfterBackupRestoration (11ms)
Platform modules already initialized, skipping
Refreshing native plugins compatible for Editor in 4.82 ms, found 3 plugins.
Preloading 0 native plugins for Editor in 0.00 ms.
Unloading 3211 Unused Serialized files (Serialized files now loaded: 0)
Unloading 30 unused Assets / (55.0 KB). Loaded Objects now: 3690.
Memory consumption went from 113.5 MB to 113.4 MB.
Total: 3.822100 ms (FindLiveObjects: 0.303300 ms CreateObjectMapping: 0.333800 ms MarkObjects: 3.093900 ms  DeleteObjects: 0.090200 ms)

AssetImportParameters requested are different than current active one (requested -> active):
  custom:video-decoder-ogg-theora: a1e56fd34408186e4bbccfd4996cb3dc -> 
  custom:container-muxer-webm: aa71ff27fc2769a1b78a27578f13a17b -> 
  custom:container-demuxer-webm: 4f35f7cbe854078d1ac9338744f61a02 -> 
  custom:video-encoder-webm-vp8: eb34c28f22e8b96e1ab97ce403110664 -> 
  custom:audio-encoder-webm-vorbis: bf7c407c2cedff20999df2af8eb42d56 -> 
  custom:framework-win-MediaFoundation: 216162199b28c13a410421893ffa2e32 -> 
  custom:container-demuxer-ogg: 62fdf1f143b41e24485cea50d1cbac27 -> 
  custom:video-decoder-webm-vp8: 9c59270c3fd7afecdb556c50c9e8de78 -> 
  custom:audio-decoder-ogg-vorbis: bf7c407c2cedff20999df2af8eb42d56 -> 
========================================================================
Received Prepare
Registering precompiled user dll's ...
Registered in 0.006113 seconds.
Begin MonoManager ReloadAssembly
Symbol file LoadedFromMemory doesn't match image C:\Unity\horor 3d\Library\PackageCache\com.unity.visualscripting@1.8.0\Editor\VisualScripting.Core\Dependencies\YamlDotNet\Unity.VisualScripting.YamlDotNet.dll
Symbol file LoadedFromMemory doesn't match image C:\Unity\horor 3d\Library\PackageCache\com.unity.visualscripting@1.8.0\Editor\VisualScripting.Core\Dependencies\DotNetZip\Unity.VisualScripting.IonicZip.dll
Native extension for WindowsStandalone target not found
Native extension for Android target not found
Refreshing native plugins compatible for Editor in 1.15 ms, found 3 plugins.
Preloading 0 native plugins for Editor in 0.00 ms.
Mono: successfully reloaded assembly
- Completed reload, in  1.388 seconds
Domain Reload Profiling:
	ReloadAssembly (1390ms)
		BeginReloadAssembly (162ms)
			ExecutionOrderSort (0ms)
			DisableScriptedObjects (10ms)
			BackupInstance (0ms)
			ReleaseScriptingObjects (0ms)
			CreateAndSetChildDomain (35ms)
		EndReloadAssembly (1103ms)
			LoadAssemblies (109ms)
			RebuildTransferFunctionScriptingTraits (0ms)
			SetupTypeCache (361ms)
			ReleaseScriptCaches (2ms)
			RebuildScriptCaches (68ms)
			SetupLoadedEditorAssemblies (480ms)
				LogAssemblyErrors (0ms)
				InitializePlatformSupportModulesInManaged (32ms)
				SetLoadedEditorAssemblies (1ms)
				RefreshPlugins (1ms)
				BeforeProcessingInitializeOnLoad (101ms)
				ProcessInitializeOnLoadAttributes (296ms)
				ProcessInitializeOnLoadMethodAttributes (33ms)
				AfterProcessingInitializeOnLoad (15ms)
				EditorAssembliesLoaded (0ms)
			ExecutionOrderSort2 (0ms)
			AwakeInstancesAfterBackupRestoration (10ms)
Platform modules already initialized, skipping
Refreshing native plugins compatible for Editor in 5.18 ms, found 3 plugins.
Preloading 0 native plugins for Editor in 0.00 ms.
Unloading 3211 Unused Serialized files (Serialized files now loaded: 0)
Unloading 30 unused Assets / (56.0 KB). Loaded Objects now: 3693.
Memory consumption went from 113.5 MB to 113.5 MB.
Total: 4.128400 ms (FindLiveObjects: 0.282100 ms CreateObjectMapping: 0.271200 ms MarkObjects: 3.466900 ms  DeleteObjects: 0.107300 ms)

AssetImportParameters requested are different than current active one (requested -> active):
  custom:video-decoder-ogg-theora: a1e56fd34408186e4bbccfd4996cb3dc -> 
  custom:container-muxer-webm: aa71ff27fc2769a1b78a27578f13a17b -> 
  custom:container-demuxer-webm: 4f35f7cbe854078d1ac9338744f61a02 -> 
  custom:video-encoder-webm-vp8: eb34c28f22e8b96e1ab97ce403110664 -> 
  custom:audio-encoder-webm-vorbis: bf7c407c2cedff20999df2af8eb42d56 -> 
  custom:framework-win-MediaFoundation: 216162199b28c13a410421893ffa2e32 -> 
  custom:container-demuxer-ogg: 62fdf1f143b41e24485cea50d1cbac27 -> 
  custom:video-decoder-webm-vp8: 9c59270c3fd7afecdb556c50c9e8de78 -> 
  custom:audio-decoder-ogg-vorbis: bf7c407c2cedff20999df2af8eb42d56 -> 
========================================================================
Received Prepare
Trying to reload asset but can't find object on disk
Trying to reload asset but can't find object on disk
Trying to reload asset but can't find object on disk
Trying to reload asset but can't find object on disk
Trying to reload asset but can't find object on disk
Trying to reload asset but can't find object on disk
Trying to reload asset but can't find object on disk
Trying to reload asset but can't find object on disk
Trying to reload asset but can't find object on disk
Trying to reload asset but can't find object on disk
Trying to reload asset but can't find object on disk
Trying to reload asset but can't find object on disk
Trying to reload asset but can't find object on disk
Trying to reload asset but can't find object on disk
Trying to reload asset but can't find object on disk
Trying to reload asset but can't find object on disk
Trying to reload asset but can't find object on disk
Trying to reload asset but can't find object on disk
Trying to reload asset but can't find object on disk
Registering precompiled user dll's ...
Registered in 0.007744 seconds.
Required property 'name' not set (Packages/com.unity.adaptiveperformance/Tests/Editor/Unity.AdaptivePerformance.Editor.Tests.asmdef)
Required property 'name' not set (Packages/com.unity.mobile.notifications/Editor/Unity.Mobile.Notifications.Editor.asmdef)
Required property 'name' not set (Packages/com.unity.adaptiveperformance/Tests/TestPackage/Runtime/Unity.AdaptivePerformance.TestPackage.asmdef)
Required property 'name' not set (Packages/com.unity.profiling.core/Runtime/Unity.Profiling.Core.asmdef)
Required property 'name' not set (Packages/com.unity.adaptiveperformance/Editor/DeviceSimulator/Unity.AdaptivePerformance.Simulator.Extension.Editor.asmdef)
Required property 'name' not set (Packages/com.unity.mobile.notifications/Tests/Editor/Unity.Notifications.Tests.asmdef)
Required property 'name' not set (Packages/com.unity.subsystemregistration/Runtime/Unity.Subsystem.Registration.asmdef)
Required property 'name' not set (Packages/com.unity.adaptiveperformance/Editor/UI/Unity.AdaptivePerformance.UI.Editor.asmdef)
Required property 'name' not set (Packages/com.unity.mobile.android-logcat/Tests/Integration/Unity.Mobile.AndroidLogcat.IntegrationTests.asmdef)
Required property 'name' not set (Packages/com.unity.mobile.android-logcat/Tests/Runtime/Unity.Mobile.AndroidLogcat.RuntimeTests.asmdef)
Required property 'name' not set (Packages/com.unity.subsystemregistration/Tests/Runtime/Unity.Subsystem.Registration.Runtime.Tests.asmdef)
Required property 'name' not set (Packages/com.unity.mobile.notifications/Runtime/iOS/Unity.Notifications.iOS.asmdef)
Required property 'name' not set (Packages/com.unity.adaptiveperformance/Editor/Provider/Unity.AdaptivePerformance.Simulator.Editor.asmdef)
Required property 'name' not set (Packages/com.unity.adaptiveperformance/Tests/TestPackage/Editor/Unity.AdaptivePerformance.TestPackage.Editor.asmdef)
Required property 'name' not set (Packages/com.unity.adaptiveperformance/Editor/Unity.AdaptivePerformance.Editor.asmdef)
Required property 'name' not set (Packages/com.unity.mobile.android-logcat/Tests/Unity.Mobile.AndroidLogcat.Tests.asmdef)
Required property 'name' not set (Packages/com.unity.adaptiveperformance/Tests/Runtime/Unity.AdaptivePerformance.Tests.asmdef)
Required property 'name' not set (Packages/com.unity.mobile.android-logcat/Editor/Unity.Mobile.AndroidLogcat.Editor.asmdef)
Required property 'name' not set (Packages/com.unity.mobile.android-logcat/Tests/Editor/Unity.Mobile.AndroidLogcat.EditorTests.asmdef)
Required property 'name' not set (Packages/com.unity.mobile.notifications/Tests/Runtime/iOS/Unity.iOS.Notifications.Tests.asmdef)
Required property 'name' not set (Packages/com.unity.mobile.android-logcat/Tests/Editor/Performance/Unity.Mobile.AndroidLogcat.EditorPerformanceTests.asmdef)
Required property 'name' not set (Packages/com.unity.mobile.notifications/Tests/Runtime/Android/Unity.Android.Notifications.Tests.asmdef)
Required property 'name' not set (Packages/com.unity.adaptiveperformance/Runtime/Unity.AdaptivePerformance.asmdef)
Required property 'name' not set (Packages/com.unity.mobile.notifications/Runtime/Android/Unity.Notifications.Android.asmdef)
Required property 'name' not set (Packages/com.unity.adaptiveperformance/Editor/Profiler/Unity.AdaptivePerformance.Profiler.Editor.asmdef)
Required property 'name' not set (Packages/com.unity.adaptiveperformance/Tests/StandaloneSubsystem/Unity.AdaptivePerformance.Tests.Standalone.asmdef)
Required property 'name' not set (Packages/com.unity.adaptiveperformance/Tests/Editor/Unity.AdaptivePerformance.Editor.Tests.asmdef)
Required property 'name' not set (Packages/com.unity.mobile.notifications/Editor/Unity.Mobile.Notifications.Editor.asmdef)
Required property 'name' not set (Packages/com.unity.adaptiveperformance/Tests/TestPackage/Runtime/Unity.AdaptivePerformance.TestPackage.asmdef)
Required property 'name' not set (Packages/com.unity.profiling.core/Runtime/Unity.Profiling.Core.asmdef)
Required property 'name' not set (Packages/com.unity.adaptiveperformance/Editor/DeviceSimulator/Unity.AdaptivePerformance.Simulator.Extension.Editor.asmdef)
Required property 'name' not set (Packages/com.unity.mobile.notifications/Tests/Editor/Unity.Notifications.Tests.asmdef)
Required property 'name' not set (Packages/com.unity.subsystemregistration/Runtime/Unity.Subsystem.Registration.asmdef)
Required property 'name' not set (Packages/com.unity.adaptiveperformance/Editor/UI/Unity.AdaptivePerformance.UI.Editor.asmdef)
Required property 'name' not set (Packages/com.unity.mobile.android-logcat/Tests/Integration/Unity.Mobile.AndroidLogcat.IntegrationTests.asmdef)
Required property 'name' not set (Packages/com.unity.mobile.android-logcat/Tests/Runtime/Unity.Mobile.AndroidLogcat.RuntimeTests.asmdef)
Required property 'name' not set (Packages/com.unity.subsystemregistration/Tests/Runtime/Unity.Subsystem.Registration.Runtime.Tests.asmdef)
Required property 'name' not set (Packages/com.unity.mobile.notifications/Runtime/iOS/Unity.Notifications.iOS.asmdef)
Required property 'name' not set (Packages/com.unity.adaptiveperformance/Editor/Provider/Unity.AdaptivePerformance.Simulator.Editor.asmdef)
Required property 'name' not set (Packages/com.unity.adaptiveperformance/Tests/TestPackage/Editor/Unity.AdaptivePerformance.TestPackage.Editor.asmdef)
Required property 'name' not set (Packages/com.unity.adaptiveperformance/Editor/Unity.AdaptivePerformance.Editor.asmdef)
Required property 'name' not set (Packages/com.unity.mobile.android-logcat/Tests/Unity.Mobile.AndroidLogcat.Tests.asmdef)
Required property 'name' not set (Packages/com.unity.adaptiveperformance/Tests/Runtime/Unity.AdaptivePerformance.Tests.asmdef)
Required property 'name' not set (Packages/com.unity.mobile.android-logcat/Editor/Unity.Mobile.AndroidLogcat.Editor.asmdef)
Required property 'name' not set (Packages/com.unity.mobile.android-logcat/Tests/Editor/Unity.Mobile.AndroidLogcat.EditorTests.asmdef)
Required property 'name' not set (Packages/com.unity.mobile.notifications/Tests/Runtime/iOS/Unity.iOS.Notifications.Tests.asmdef)
Required property 'name' not set (Packages/com.unity.mobile.android-logcat/Tests/Editor/Performance/Unity.Mobile.AndroidLogcat.EditorPerformanceTests.asmdef)
Required property 'name' not set (Packages/com.unity.mobile.notifications/Tests/Runtime/Android/Unity.Android.Notifications.Tests.asmdef)
Required property 'name' not set (Packages/com.unity.adaptiveperformance/Runtime/Unity.AdaptivePerformance.asmdef)
Required property 'name' not set (Packages/com.unity.mobile.notifications/Runtime/Android/Unity.Notifications.Android.asmdef)
Required property 'name' not set (Packages/com.unity.adaptiveperformance/Editor/Profiler/Unity.AdaptivePerformance.Profiler.Editor.asmdef)
Required property 'name' not set (Packages/com.unity.adaptiveperformance/Tests/StandaloneSubsystem/Unity.AdaptivePerformance.Tests.Standalone.asmdef)
Begin MonoManager ReloadAssembly
Symbol file LoadedFromMemory doesn't match image C:\Unity\horor 3d\Library\PackageCache\com.unity.visualscripting@1.8.0\Editor\VisualScripting.Core\Dependencies\YamlDotNet\Unity.VisualScripting.YamlDotNet.dll
Symbol file LoadedFromMemory doesn't match image C:\Unity\horor 3d\Library\PackageCache\com.unity.visualscripting@1.8.0\Editor\VisualScripting.Core\Dependencies\DotNetZip\Unity.VisualScripting.IonicZip.dll
Native extension for WindowsStandalone target not found
Native extension for Android target not found
Refreshing native plugins compatible for Editor in 1.14 ms, found 3 plugins.
Preloading 0 native plugins for Editor in 0.00 ms.
Required property 'name' not set (Packages/com.unity.adaptiveperformance/Tests/Editor/Unity.AdaptivePerformance.Editor.Tests.asmdef)
Required property 'name' not set (Packages/com.unity.mobile.notifications/Editor/Unity.Mobile.Notifications.Editor.asmdef)
Required property 'name' not set (Packages/com.unity.adaptiveperformance/Tests/TestPackage/Runtime/Unity.AdaptivePerformance.TestPackage.asmdef)
Required property 'name' not set (Packages/com.unity.profiling.core/Runtime/Unity.Profiling.Core.asmdef)
Required property 'name' not set (Packages/com.unity.adaptiveperformance/Editor/DeviceSimulator/Unity.AdaptivePerformance.Simulator.Extension.Editor.asmdef)
Required property 'name' not set (Packages/com.unity.mobile.notifications/Tests/Editor/Unity.Notifications.Tests.asmdef)
Required property 'name' not set (Packages/com.unity.subsystemregistration/Runtime/Unity.Subsystem.Registration.asmdef)
Required property 'name' not set (Packages/com.unity.adaptiveperformance/Editor/UI/Unity.AdaptivePerformance.UI.Editor.asmdef)
Required property 'name' not set (Packages/com.unity.mobile.android-logcat/Tests/Integration/Unity.Mobile.AndroidLogcat.IntegrationTests.asmdef)
Required property 'name' not set (Packages/com.unity.mobile.android-logcat/Tests/Runtime/Unity.Mobile.AndroidLogcat.RuntimeTests.asmdef)
Required property 'name' not set (Packages/com.unity.subsystemregistration/Tests/Runtime/Unity.Subsystem.Registration.Runtime.Tests.asmdef)
Required property 'name' not set (Packages/com.unity.mobile.notifications/Runtime/iOS/Unity.Notifications.iOS.asmdef)
Required property 'name' not set (Packages/com.unity.adaptiveperformance/Editor/Provider/Unity.AdaptivePerformance.Simulator.Editor.asmdef)
Required property 'name' not set (Packages/com.unity.adaptiveperformance/Tests/TestPackage/Editor/Unity.AdaptivePerformance.TestPackage.Editor.asmdef)
Required property 'name' not set (Packages/com.unity.adaptiveperformance/Editor/Unity.AdaptivePerformance.Editor.asmdef)
Required property 'name' not set (Packages/com.unity.mobile.android-logcat/Tests/Unity.Mobile.AndroidLogcat.Tests.asmdef)
Required property 'name' not set (Packages/com.unity.adaptiveperformance/Tests/Runtime/Unity.AdaptivePerformance.Tests.asmdef)
Required property 'name' not set (Packages/com.unity.mobile.android-logcat/Editor/Unity.Mobile.AndroidLogcat.Editor.asmdef)
Required property 'name' not set (Packages/com.unity.mobile.android-logcat/Tests/Editor/Unity.Mobile.AndroidLogcat.EditorTests.asmdef)
Required property 'name' not set (Packages/com.unity.mobile.notifications/Tests/Runtime/iOS/Unity.iOS.Notifications.Tests.asmdef)
Required property 'name' not set (Packages/com.unity.mobile.android-logcat/Tests/Editor/Performance/Unity.Mobile.AndroidLogcat.EditorPerformanceTests.asmdef)
Required property 'name' not set (Packages/com.unity.mobile.notifications/Tests/Runtime/Android/Unity.Android.Notifications.Tests.asmdef)
Required property 'name' not set (Packages/com.unity.adaptiveperformance/Runtime/Unity.AdaptivePerformance.asmdef)
Required property 'name' not set (Packages/com.unity.mobile.notifications/Runtime/Android/Unity.Notifications.Android.asmdef)
Required property 'name' not set (Packages/com.unity.adaptiveperformance/Editor/Profiler/Unity.AdaptivePerformance.Profiler.Editor.asmdef)
Required property 'name' not set (Packages/com.unity.adaptiveperformance/Tests/StandaloneSubsystem/Unity.AdaptivePerformance.Tests.Standalone.asmdef)
Mono: successfully reloaded assembly
- Completed reload, in  1.540 seconds
Domain Reload Profiling:
	ReloadAssembly (1541ms)
		BeginReloadAssembly (218ms)
			ExecutionOrderSort (0ms)
			DisableScriptedObjects (10ms)
			BackupInstance (0ms)
			ReleaseScriptingObjects (0ms)
			CreateAndSetChildDomain (51ms)
		EndReloadAssembly (1159ms)
			LoadAssemblies (145ms)
			RebuildTransferFunctionScriptingTraits (0ms)
			SetupTypeCache (364ms)
			ReleaseScriptCaches (1ms)
			RebuildScriptCaches (106ms)
			SetupLoadedEditorAssemblies (498ms)
				LogAssemblyErrors (0ms)
				InitializePlatformSupportModulesInManaged (31ms)
				SetLoadedEditorAssemblies (1ms)
				RefreshPlugins (1ms)
				BeforeProcessingInitializeOnLoad (137ms)
				ProcessInitializeOnLoadAttributes (282ms)
				ProcessInitializeOnLoadMethodAttributes (32ms)
				AfterProcessingInitializeOnLoad (14ms)
				EditorAssembliesLoaded (0ms)
			ExecutionOrderSort2 (0ms)
			AwakeInstancesAfterBackupRestoration (11ms)
Platform modules already initialized, skipping
Refreshing native plugins compatible for Editor in 5.15 ms, found 3 plugins.
Preloading 0 native plugins for Editor in 0.00 ms.
Unloading 3211 Unused Serialized files (Serialized files now loaded: 0)
Unloading 30 unused Assets / (55.0 KB). Loaded Objects now: 3696.
Memory consumption went from 113.6 MB to 113.6 MB.
Total: 5.009400 ms (FindLiveObjects: 0.322100 ms CreateObjectMapping: 0.349200 ms MarkObjects: 4.212100 ms  DeleteObjects: 0.124600 ms)

AssetImportParameters requested are different than current active one (requested -> active):
  custom:video-decoder-ogg-theora: a1e56fd34408186e4bbccfd4996cb3dc -> 
  custom:container-muxer-webm: aa71ff27fc2769a1b78a27578f13a17b -> 
  custom:container-demuxer-webm: 4f35f7cbe854078d1ac9338744f61a02 -> 
  custom:video-encoder-webm-vp8: eb34c28f22e8b96e1ab97ce403110664 -> 
  custom:audio-encoder-webm-vorbis: bf7c407c2cedff20999df2af8eb42d56 -> 
  custom:framework-win-MediaFoundation: 216162199b28c13a410421893ffa2e32 -> 
  custom:container-demuxer-ogg: 62fdf1f143b41e24485cea50d1cbac27 -> 
  custom:video-decoder-webm-vp8: 9c59270c3fd7afecdb556c50c9e8de78 -> 
  custom:audio-decoder-ogg-vorbis: bf7c407c2cedff20999df2af8eb42d56 -> 
